<?xml version="1.0" encoding="UTF-8" ?>
<testsuite tests="2" failures="0" name="com.zak.application.service.adapter.EventCommentServiceAdapterTest" time="0.017" errors="0" skipped="0">
  <properties>
[...]
</properties>
  <testcase classname="com.zak.application.service.adapter.EventCommentServiceAdapterTest" name="should_throw_exception_when_create_event_comment_doesnt_find_user_with_user_id" time="0.017"/>
  <testcase classname="com.zak.application.service.adapter.EventCommentServiceAdapterTest" name="should_throw_exception_when_create_event_comment_doesnt_find_event_with_event_id" time="0"/>
</testsuite>